python-testing-example$ ./run

The testingdemo version is: 1.0.1


Currently epoch today and 24 hours ago are: 1502027555.5583591 and 1501941155.5583591

python-testing-example$ ./run -t
### Running Tests, Coverage, and Style Checks ###
Testing Example - 2017-08-06 08:52:41.310259
test_make_something (test_AnExample.TestAnExample) ... ok
test_report_something (test_AnExample.TestAnExample) ... ok
test_should_fail (test_AnExample.TestAnExample) ... FAIL

======================================================================
FAIL: test_should_fail (test_AnExample.TestAnExample)
----------------------------------------------------------------------
Traceback (most recent call last):
  File "python-testing-example/testingdemo/unittests/test_AnExample.py", line 28, in test_should_fail
    self.assertTrue(self.theclass.should_fail())
AssertionError: False is not true

----------------------------------------------------------------------
Ran 3 tests in 0.002s

FAILED (failures=1)

Code coverage report done. See the index.html in: 
        /coverage
Style Check Start
./setup.py:20:80: E501 line too long (81 > 79 characters)
./testingdemo/__init__.py:72:1: W391 blank line at end of file
./testingdemo/howto.py:5:1: E302 expected 2 blank lines, found 1
./testingdemo/howto.py:19:80: E501 line too long (98 > 79 characters)
./testingdemo/howto.py:25:1: E265 block comment should start with '# '
./testingdemo/howto.py:25:35: W292 no newline at end of file
./testingdemo/unittests/test_AnExample.py:8:1: E302 expected 2 blank lines, found 1
./testingdemo/unittests/test_AnExample.py:23:67: W291 trailing whitespace
./testingdemo/unittests/test_AnExample.py:29:1: W293 blank line contains whitespace
./testingdemo/unittests/test_AnExample.py:30:1: E265 block comment should start with '# '
./testingdemo/unittests/test_AnExample.py:30:46: W292 no newline at end of file
Style Check End
### Finished Tests, Coverage, and Style Checks ###

The testingdemo version is: 1.0.1


Currently epoch today and 24 hours ago are: 1502027561.3532064 and 1501941161.3532064

python-testing-example$ python -O run
### Running Tests, Coverage, and Style Checks ###
Testing Example - 2017-08-06 08:52:51.120172
test_make_something (test_AnExample.TestAnExample) ... ok
test_report_something (test_AnExample.TestAnExample) ... ok
test_should_fail (test_AnExample.TestAnExample) ... FAIL

======================================================================
FAIL: test_should_fail (test_AnExample.TestAnExample)
----------------------------------------------------------------------
Traceback (most recent call last):
  File "python-testing-example/testingdemo/unittests/test_AnExample.py", line 28, in test_should_fail
    self.assertTrue(self.theclass.should_fail())
AssertionError: False is not true

----------------------------------------------------------------------
Ran 3 tests in 0.001s

FAILED (failures=1)

Code coverage report done. See the index.html in: 
        /coverage
Style Check Start
./setup.py:20:80: E501 line too long (81 > 79 characters)
./testingdemo/__init__.py:72:1: W391 blank line at end of file
./testingdemo/howto.py:5:1: E302 expected 2 blank lines, found 1
./testingdemo/howto.py:19:80: E501 line too long (98 > 79 characters)
./testingdemo/howto.py:25:1: E265 block comment should start with '# '
./testingdemo/howto.py:25:35: W292 no newline at end of file
./testingdemo/unittests/test_AnExample.py:8:1: E302 expected 2 blank lines, found 1
./testingdemo/unittests/test_AnExample.py:23:67: W291 trailing whitespace
./testingdemo/unittests/test_AnExample.py:29:1: W293 blank line contains whitespace
./testingdemo/unittests/test_AnExample.py:30:1: E265 block comment should start with '# '
./testingdemo/unittests/test_AnExample.py:30:46: W292 no newline at end of file
Style Check End
### Finished Tests, Coverage, and Style Checks ###

The testingdemo version is: 1.0.1


Currently epoch today and 24 hours ago are: 1502027571.16 and 1501941171.16
